<?xml version='1.0' encoding='UTF-8'?>
<testsuite hostname="Dans-MacBook.local" name="CubeCalculatorTest" tests="1" errors="0" failures="0" skipped="0" time="0.025">
                     <properties>
[...]
</properties>
                     <testcase classname="CubeCalculatorTest" name="cube" time="0.025">
                                                 
                                               </testcase>
                     <system-out><![CDATA[]]></system-out>
                     <system-err><![CDATA[]]></system-err>
                   </testsuite>